<?xml version="1.0" encoding="UTF-8"?>
<testng-results ignored="0" total="1" passed="1" failed="0" skipped="0">
  <reporter-output>
  </reporter-output>
  <suite started-at="2021-05-18T13:54:42Z" name="MainTest" finished-at="2021-05-18T13:54:42Z" duration-ms="24">
    <groups>
    </groups>
    <test started-at="2021-05-18T13:54:42Z" name="Command line test" finished-at="2021-05-18T13:54:42Z" duration-ms="24">
      <class name="MainTest">
        <test-method signature="CopyV_Given_WeWantToSeeAWelcomeMessage_When_WeGetTheMessage_Then_theMessageShouldBeExactlyHelloCopyV()[pri:0, instance:MainTest@69a3d1d]" started-at="2021-05-18T13:54:42Z" name="CopyV_Given_WeWantToSeeAWelcomeMessage_When_WeGetTheMessage_Then_theMessageShouldBeExactlyHelloCopyV" finished-at="2021-05-18T13:54:42Z" duration-ms="7" status="PASS">
          <reporter-output>
          </reporter-output>
        </test-method> <!-- CopyV_Given_WeWantToSeeAWelcomeMessage_When_WeGetTheMessage_Then_theMessageShouldBeExactlyHelloCopyV -->
      </class> <!-- MainTest -->
    </test> <!-- Command line test -->
  </suite> <!-- MainTest -->
</testng-results>
